<?xml version="1.0" encoding="UTF-8"?>
<testng-results ignored="0" total="6" passed="6" failed="0" skipped="0">
  <reporter-output>
  </reporter-output>
  <suite started-at="2026-04-14T14:35:17 IST" name="eBay Test Suite" finished-at="2026-04-14T14:36:03 IST" duration-ms="45369">
    <groups>
    </groups>
    <test started-at="2026-04-14T14:35:17 IST" name="eBay Selenium Tests" finished-at="2026-04-14T14:36:03 IST" duration-ms="45369">
      <class name="ebay.EbayTest">
        <test-method is-config="true" signature="setUp()[pri:0, instance:ebay.EbayTest@64cd705f]" started-at="2026-04-14T14:35:17 IST" name="setUp" finished-at="2026-04-14T14:35:18 IST" duration-ms="955" status="PASS">
          <reporter-output>
          </reporter-output>
        </test-method> <!-- setUp -->
        <test-method signature="testLaunchEbay()[pri:1, instance:ebay.EbayTest@64cd705f]" started-at="2026-04-14T14:35:18 IST" name="testLaunchEbay" finished-at="2026-04-14T14:35:22 IST" duration-ms="3674" status="PASS">
          <reporter-output>
          </reporter-output>
        </test-method> <!-- testLaunchEbay -->
        <test-method signature="testSearchProduct()[pri:2, instance:ebay.EbayTest@64cd705f]" started-at="2026-04-14T14:35:22 IST" name="testSearchProduct" finished-at="2026-04-14T14:35:26 IST" duration-ms="4279" status="PASS">
          <reporter-output>
          </reporter-output>
        </test-method> <!-- testSearchProduct -->
        <test-method signature="testSortByPrice()[pri:3, instance:ebay.EbayTest@64cd705f]" started-at="2026-04-14T14:35:26 IST" name="testSortByPrice" finished-at="2026-04-14T14:35:49 IST" duration-ms="22761" status="PASS">
          <reporter-output>
          </reporter-output>
        </test-method> <!-- testSortByPrice -->
        <test-method signature="testOpenProduct()[pri:4, instance:ebay.EbayTest@64cd705f]" started-at="2026-04-14T14:35:49 IST" name="testOpenProduct" finished-at="2026-04-14T14:35:53 IST" duration-ms="3846" status="PASS">
          <reporter-output>
          </reporter-output>
        </test-method> <!-- testOpenProduct -->
        <test-method signature="testAddToCart()[pri:5, instance:ebay.EbayTest@64cd705f]" started-at="2026-04-14T14:35:53 IST" name="testAddToCart" finished-at="2026-04-14T14:36:00 IST" duration-ms="7633" status="PASS">
          <reporter-output>
          </reporter-output>
        </test-method> <!-- testAddToCart -->
        <test-method signature="testCheckout()[pri:6, instance:ebay.EbayTest@64cd705f]" started-at="2026-04-14T14:36:00 IST" name="testCheckout" finished-at="2026-04-14T14:36:02 IST" duration-ms="2061" status="PASS">
          <reporter-output>
          </reporter-output>
        </test-method> <!-- testCheckout -->
        <test-method is-config="true" signature="tearDown()[pri:0, instance:ebay.EbayTest@64cd705f]" started-at="2026-04-14T14:36:02 IST" name="tearDown" finished-at="2026-04-14T14:36:03 IST" duration-ms="145" status="PASS">
          <reporter-output>
          </reporter-output>
        </test-method> <!-- tearDown -->
      </class> <!-- ebay.EbayTest -->
    </test> <!-- eBay Selenium Tests -->
  </suite> <!-- eBay Test Suite -->
</testng-results>
