<?xml version="1.0" encoding="UTF-8"?>
<!-- Generated by org.testng.reporters.JUnitReportReporter -->
<testsuite hostname="Jovithas-MacBook-Pro.local" failures="0" tests="6" name="ebay.EbayTest" time="44.254" errors="0" timestamp="2026-04-14T14:36:03 IST" skipped="0">
  <testcase classname="ebay.EbayTest" name="testLaunchEbay" time="3.674"/>
  <testcase classname="ebay.EbayTest" name="testSearchProduct" time="4.279"/>
  <testcase classname="ebay.EbayTest" name="testSortByPrice" time="22.761"/>
  <testcase classname="ebay.EbayTest" name="testOpenProduct" time="3.846"/>
  <testcase classname="ebay.EbayTest" name="testAddToCart" time="7.633"/>
  <testcase classname="ebay.EbayTest" name="testCheckout" time="2.061"/>
</testsuite> <!-- ebay.EbayTest -->
